2023-04-24 09:18:09,572 INFO org.springframework.test.context.support.AbstractTestContextBootstrapper [main] Neither @ContextConfiguration nor @ContextHierarchy found for test class [com.happytech.electronicstore.service.UserServiceImplTest], using SpringBootContextLoader
2023-04-24 09:18:09,869 INFO org.springframework.test.context.support.AbstractContextLoader [main] Could not detect default resource locations for test class [com.happytech.electronicstore.service.UserServiceImplTest]: no resource found for suffixes {-context.xml, Context.groovy}.
2023-04-24 09:18:09,872 INFO org.springframework.test.context.support.AnnotationConfigContextLoaderUtils [main] Could not detect default configuration classes for test class [com.happytech.electronicstore.service.UserServiceImplTest]: UserServiceImplTest does not declare any static, non-private, non-final, nested classes annotated with @Configuration.
2023-04-24 09:18:10,581 INFO org.springframework.boot.test.context.SpringBootTestContextBootstrapper [main] Found @SpringBootConfiguration com.happytech.electronicstore.ElectronicStoreApplication for test class com.happytech.electronicstore.service.UserServiceImplTest
2023-04-24 09:18:11,187 INFO org.springframework.test.context.support.AbstractTestContextBootstrapper [main] Loaded default TestExecutionListener class names from location [META-INF/spring.factories]: [org.springframework.boot.test.mock.mockito.MockitoTestExecutionListener, org.springframework.boot.test.mock.mockito.ResetMocksTestExecutionListener, org.springframework.boot.test.autoconfigure.restdocs.RestDocsTestExecutionListener, org.springframework.boot.test.autoconfigure.web.client.MockRestServiceServerResetTestExecutionListener, org.springframework.boot.test.autoconfigure.web.servlet.MockMvcPrintOnlyOnFailureTestExecutionListener, org.springframework.boot.test.autoconfigure.web.servlet.WebDriverTestExecutionListener, org.springframework.boot.test.autoconfigure.webservices.client.MockWebServiceServerTestExecutionListener, org.springframework.test.context.web.ServletTestExecutionListener, org.springframework.test.context.support.DirtiesContextBeforeModesTestExecutionListener, org.springframework.test.context.event.ApplicationEventsTestExecutionListener, org.springframework.test.context.support.DependencyInjectionTestExecutionListener, org.springframework.test.context.support.DirtiesContextTestExecutionListener, org.springframework.test.context.transaction.TransactionalTestExecutionListener, org.springframework.test.context.jdbc.SqlScriptsTestExecutionListener, org.springframework.test.context.event.EventPublishingTestExecutionListener]
2023-04-24 09:18:11,275 INFO org.springframework.test.context.support.AbstractTestContextBootstrapper [main] Using TestExecutionListeners: [org.springframework.test.context.web.ServletTestExecutionListener@7e5d9a50, org.springframework.test.context.support.DirtiesContextBeforeModesTestExecutionListener@60957c0f, org.springframework.test.context.event.ApplicationEventsTestExecutionListener@293a5f75, org.springframework.boot.test.mock.mockito.MockitoTestExecutionListener@fcb4004, org.springframework.boot.test.autoconfigure.SpringBootDependencyInjectionTestExecutionListener@1dd6d4b7, org.springframework.test.context.support.DirtiesContextTestExecutionListener@56e8b606, org.springframework.test.context.transaction.TransactionalTestExecutionListener@2dd29a59, org.springframework.test.context.jdbc.SqlScriptsTestExecutionListener@784c3487, org.springframework.test.context.event.EventPublishingTestExecutionListener@53142455, org.springframework.boot.test.mock.mockito.ResetMocksTestExecutionListener@40dff0b7, org.springframework.boot.test.autoconfigure.restdocs.RestDocsTestExecutionListener@7966baa7, org.springframework.boot.test.autoconfigure.web.client.MockRestServiceServerResetTestExecutionListener@60975100, org.springframework.boot.test.autoconfigure.web.servlet.MockMvcPrintOnlyOnFailureTestExecutionListener@1253e7cb, org.springframework.boot.test.autoconfigure.web.servlet.WebDriverTestExecutionListener@2d36e77e, org.springframework.boot.test.autoconfigure.webservices.client.MockWebServiceServerTestExecutionListener@61c9c3fd]
2023-04-24 09:18:13,062 INFO org.springframework.boot.StartupInfoLogger [main] Starting UserServiceImplTest using Java 17.0.4 on DESKTOP-OKPVI97 with PID 2996 (started by Mahendra Nikam in F:\IntelliJ electronic stord\Electronic-Store)
2023-04-24 09:18:13,065 DEBUG org.springframework.boot.StartupInfoLogger [main] Running with Spring Boot v2.7.9, Spring v5.3.25
2023-04-24 09:18:13,067 INFO org.springframework.boot.SpringApplication [main] The following 1 profile is active: "dev"
2023-04-24 09:18:13,112 INFO org.hibernate.validator.internal.util.Version [background-preinit] HV000001: Hibernate Validator 6.2.5.Final
2023-04-24 09:18:19,696 INFO org.springframework.data.repository.config.RepositoryConfigurationDelegate [main] Bootstrapping Spring Data JPA repositories in DEFAULT mode.
2023-04-24 09:18:20,059 INFO org.springframework.data.repository.config.RepositoryConfigurationDelegate [main] Finished Spring Data repository scanning in 317 ms. Found 3 JPA repository interfaces.
2023-04-24 09:18:28,015 INFO org.hibernate.jpa.internal.util.LogHelper [main] HHH000204: Processing PersistenceUnitInfo [name: default]
2023-04-24 09:18:28,460 INFO org.hibernate.Version [main] HHH000412: Hibernate ORM core version 5.6.15.Final
2023-04-24 09:18:28,662 INFO org.hibernate.annotations.common.reflection.java.JavaReflectionManager [main] HCANN000001: Hibernate Commons Annotations {5.1.2.Final}
2023-04-24 09:18:29,553 INFO com.zaxxer.hikari.HikariDataSource [main] HikariPool-1 - Starting...
2023-04-24 09:18:32,802 INFO com.zaxxer.hikari.HikariDataSource [main] HikariPool-1 - Start completed.
2023-04-24 09:18:32,960 INFO org.hibernate.dialect.Dialect [main] HHH000400: Using dialect: org.hibernate.dialect.MySQL5InnoDBDialect
2023-04-24 09:18:38,817 INFO org.hibernate.engine.transaction.jta.platform.internal.JtaPlatformInitiator [main] HHH000490: Using JtaPlatform implementation: [org.hibernate.engine.transaction.jta.platform.internal.NoJtaPlatform]
2023-04-24 09:18:38,876 INFO org.springframework.orm.jpa.AbstractEntityManagerFactoryBean [main] Initialized JPA EntityManagerFactory for persistence unit 'default'
2023-04-24 09:18:41,562 WARN org.springframework.boot.autoconfigure.orm.jpa.JpaBaseConfiguration$JpaWebConfiguration [main] spring.jpa.open-in-view is enabled by default. Therefore, database queries may be performed during view rendering. Explicitly configure spring.jpa.open-in-view to disable this warning
2023-04-24 09:18:43,706 INFO org.springframework.boot.StartupInfoLogger [main] Started UserServiceImplTest in 32.166 seconds (JVM running for 40.852)
2023-04-24 09:18:44,406 INFO org.springframework.orm.jpa.AbstractEntityManagerFactoryBean [SpringApplicationShutdownHook] Closing JPA EntityManagerFactory for persistence unit 'default'
2023-04-24 09:18:44,426 INFO com.zaxxer.hikari.HikariDataSource [SpringApplicationShutdownHook] HikariPool-1 - Shutdown initiated...
2023-04-24 09:18:44,517 INFO com.zaxxer.hikari.HikariDataSource [SpringApplicationShutdownHook] HikariPool-1 - Shutdown completed.
2023-04-24 17:35:23,036 INFO org.springframework.test.context.support.AbstractTestContextBootstrapper [main] Neither @ContextConfiguration nor @ContextHierarchy found for test class [com.happytech.electronicstore.product.ProductImplTest], using SpringBootContextLoader
2023-04-24 17:35:23,067 INFO org.springframework.test.context.support.AbstractContextLoader [main] Could not detect default resource locations for test class [com.happytech.electronicstore.product.ProductImplTest]: no resource found for suffixes {-context.xml, Context.groovy}.
2023-04-24 17:35:23,070 INFO org.springframework.test.context.support.AnnotationConfigContextLoaderUtils [main] Could not detect default configuration classes for test class [com.happytech.electronicstore.product.ProductImplTest]: ProductImplTest does not declare any static, non-private, non-final, nested classes annotated with @Configuration.
2023-04-24 17:35:23,762 INFO org.springframework.boot.test.context.SpringBootTestContextBootstrapper [main] Found @SpringBootConfiguration com.happytech.electronicstore.ElectronicStoreApplication for test class com.happytech.electronicstore.product.ProductImplTest
2023-04-24 17:35:24,223 INFO org.springframework.test.context.support.AbstractTestContextBootstrapper [main] Loaded default TestExecutionListener class names from location [META-INF/spring.factories]: [org.springframework.boot.test.mock.mockito.MockitoTestExecutionListener, org.springframework.boot.test.mock.mockito.ResetMocksTestExecutionListener, org.springframework.boot.test.autoconfigure.restdocs.RestDocsTestExecutionListener, org.springframework.boot.test.autoconfigure.web.client.MockRestServiceServerResetTestExecutionListener, org.springframework.boot.test.autoconfigure.web.servlet.MockMvcPrintOnlyOnFailureTestExecutionListener, org.springframework.boot.test.autoconfigure.web.servlet.WebDriverTestExecutionListener, org.springframework.boot.test.autoconfigure.webservices.client.MockWebServiceServerTestExecutionListener, org.springframework.test.context.web.ServletTestExecutionListener, org.springframework.test.context.support.DirtiesContextBeforeModesTestExecutionListener, org.springframework.test.context.event.ApplicationEventsTestExecutionListener, org.springframework.test.context.support.DependencyInjectionTestExecutionListener, org.springframework.test.context.support.DirtiesContextTestExecutionListener, org.springframework.test.context.transaction.TransactionalTestExecutionListener, org.springframework.test.context.jdbc.SqlScriptsTestExecutionListener, org.springframework.test.context.event.EventPublishingTestExecutionListener]
2023-04-24 17:35:24,284 INFO org.springframework.test.context.support.AbstractTestContextBootstrapper [main] Using TestExecutionListeners: [org.springframework.test.context.web.ServletTestExecutionListener@56e8b606, org.springframework.test.context.support.DirtiesContextBeforeModesTestExecutionListener@2dd29a59, org.springframework.test.context.event.ApplicationEventsTestExecutionListener@784c3487, org.springframework.boot.test.mock.mockito.MockitoTestExecutionListener@53142455, org.springframework.boot.test.autoconfigure.SpringBootDependencyInjectionTestExecutionListener@40dff0b7, org.springframework.test.context.support.DirtiesContextTestExecutionListener@7966baa7, org.springframework.test.context.transaction.TransactionalTestExecutionListener@60975100, org.springframework.test.context.jdbc.SqlScriptsTestExecutionListener@1253e7cb, org.springframework.test.context.event.EventPublishingTestExecutionListener@2d36e77e, org.springframework.boot.test.mock.mockito.ResetMocksTestExecutionListener@61c9c3fd, org.springframework.boot.test.autoconfigure.restdocs.RestDocsTestExecutionListener@3b0c9195, org.springframework.boot.test.autoconfigure.web.client.MockRestServiceServerResetTestExecutionListener@366c4480, org.springframework.boot.test.autoconfigure.web.servlet.MockMvcPrintOnlyOnFailureTestExecutionListener@2c7b5824, org.springframework.boot.test.autoconfigure.web.servlet.WebDriverTestExecutionListener@302a07d, org.springframework.boot.test.autoconfigure.webservices.client.MockWebServiceServerTestExecutionListener@5cdd09b1]
2023-04-24 17:35:25,840 INFO org.springframework.boot.StartupInfoLogger [main] Starting ProductImplTest using Java 17.0.4 on DESKTOP-OKPVI97 with PID 4648 (started by Mahendra Nikam in F:\IntelliJ electronic stord\Electronic-Store)
2023-04-24 17:35:25,853 DEBUG org.springframework.boot.StartupInfoLogger [main] Running with Spring Boot v2.7.9, Spring v5.3.25
2023-04-24 17:35:25,857 INFO org.springframework.boot.SpringApplication [main] The following 1 profile is active: "dev"
2023-04-24 17:35:25,924 INFO org.hibernate.validator.internal.util.Version [background-preinit] HV000001: Hibernate Validator 6.2.5.Final
2023-04-24 17:35:29,003 INFO org.springframework.data.repository.config.RepositoryConfigurationDelegate [main] Bootstrapping Spring Data JPA repositories in DEFAULT mode.
2023-04-24 17:35:29,304 INFO org.springframework.data.repository.config.RepositoryConfigurationDelegate [main] Finished Spring Data repository scanning in 269 ms. Found 3 JPA repository interfaces.
2023-04-24 17:35:34,043 INFO org.hibernate.jpa.internal.util.LogHelper [main] HHH000204: Processing PersistenceUnitInfo [name: default]
2023-04-24 17:35:34,236 INFO org.hibernate.Version [main] HHH000412: Hibernate ORM core version 5.6.15.Final
2023-04-24 17:35:34,379 INFO org.hibernate.annotations.common.reflection.java.JavaReflectionManager [main] HCANN000001: Hibernate Commons Annotations {5.1.2.Final}
2023-04-24 17:35:35,054 INFO com.zaxxer.hikari.HikariDataSource [main] HikariPool-1 - Starting...
2023-04-24 17:35:36,292 INFO com.zaxxer.hikari.HikariDataSource [main] HikariPool-1 - Start completed.
2023-04-24 17:35:36,367 INFO org.hibernate.dialect.Dialect [main] HHH000400: Using dialect: org.hibernate.dialect.MySQL5InnoDBDialect
2023-04-24 17:35:39,013 INFO org.hibernate.engine.transaction.jta.platform.internal.JtaPlatformInitiator [main] HHH000490: Using JtaPlatform implementation: [org.hibernate.engine.transaction.jta.platform.internal.NoJtaPlatform]
2023-04-24 17:35:39,039 INFO org.springframework.orm.jpa.AbstractEntityManagerFactoryBean [main] Initialized JPA EntityManagerFactory for persistence unit 'default'
2023-04-24 17:35:41,631 WARN org.springframework.boot.autoconfigure.orm.jpa.JpaBaseConfiguration$JpaWebConfiguration [main] spring.jpa.open-in-view is enabled by default. Therefore, database queries may be performed during view rendering. Explicitly configure spring.jpa.open-in-view to disable this warning
2023-04-24 17:35:45,264 INFO org.springframework.boot.StartupInfoLogger [main] Started ProductImplTest in 20.824 seconds (JVM running for 27.328)
2023-04-24 17:35:46,648 INFO org.springframework.orm.jpa.AbstractEntityManagerFactoryBean [SpringApplicationShutdownHook] Closing JPA EntityManagerFactory for persistence unit 'default'
2023-04-24 17:35:46,654 INFO com.zaxxer.hikari.HikariDataSource [SpringApplicationShutdownHook] HikariPool-1 - Shutdown initiated...
2023-04-24 17:35:46,726 INFO com.zaxxer.hikari.HikariDataSource [SpringApplicationShutdownHook] HikariPool-1 - Shutdown completed.
2023-04-24 17:45:47,021 INFO org.springframework.test.context.support.AbstractTestContextBootstrapper [main] Neither @ContextConfiguration nor @ContextHierarchy found for test class [com.happytech.electronicstore.service.CategoryServiceTest], using SpringBootContextLoader
2023-04-24 17:45:47,042 INFO org.springframework.test.context.support.AbstractContextLoader [main] Could not detect default resource locations for test class [com.happytech.electronicstore.service.CategoryServiceTest]: no resource found for suffixes {-context.xml, Context.groovy}.
2023-04-24 17:45:47,044 INFO org.springframework.test.context.support.AnnotationConfigContextLoaderUtils [main] Could not detect default configuration classes for test class [com.happytech.electronicstore.service.CategoryServiceTest]: CategoryServiceTest does not declare any static, non-private, non-final, nested classes annotated with @Configuration.
2023-04-24 17:45:47,526 INFO org.springframework.boot.test.context.SpringBootTestContextBootstrapper [main] Found @SpringBootConfiguration com.happytech.electronicstore.ElectronicStoreApplication for test class com.happytech.electronicstore.service.CategoryServiceTest
2023-04-24 17:45:47,875 INFO org.springframework.test.context.support.AbstractTestContextBootstrapper [main] Loaded default TestExecutionListener class names from location [META-INF/spring.factories]: [org.springframework.boot.test.mock.mockito.MockitoTestExecutionListener, org.springframework.boot.test.mock.mockito.ResetMocksTestExecutionListener, org.springframework.boot.test.autoconfigure.restdocs.RestDocsTestExecutionListener, org.springframework.boot.test.autoconfigure.web.client.MockRestServiceServerResetTestExecutionListener, org.springframework.boot.test.autoconfigure.web.servlet.MockMvcPrintOnlyOnFailureTestExecutionListener, org.springframework.boot.test.autoconfigure.web.servlet.WebDriverTestExecutionListener, org.springframework.boot.test.autoconfigure.webservices.client.MockWebServiceServerTestExecutionListener, org.springframework.test.context.web.ServletTestExecutionListener, org.springframework.test.context.support.DirtiesContextBeforeModesTestExecutionListener, org.springframework.test.context.event.ApplicationEventsTestExecutionListener, org.springframework.test.context.support.DependencyInjectionTestExecutionListener, org.springframework.test.context.support.DirtiesContextTestExecutionListener, org.springframework.test.context.transaction.TransactionalTestExecutionListener, org.springframework.test.context.jdbc.SqlScriptsTestExecutionListener, org.springframework.test.context.event.EventPublishingTestExecutionListener]
2023-04-24 17:45:47,942 INFO org.springframework.test.context.support.AbstractTestContextBootstrapper [main] Using TestExecutionListeners: [org.springframework.test.context.web.ServletTestExecutionListener@293a5f75, org.springframework.test.context.support.DirtiesContextBeforeModesTestExecutionListener@fcb4004, org.springframework.test.context.event.ApplicationEventsTestExecutionListener@1dd6d4b7, org.springframework.boot.test.mock.mockito.MockitoTestExecutionListener@56e8b606, org.springframework.boot.test.autoconfigure.SpringBootDependencyInjectionTestExecutionListener@2dd29a59, org.springframework.test.context.support.DirtiesContextTestExecutionListener@784c3487, org.springframework.test.context.transaction.TransactionalTestExecutionListener@53142455, org.springframework.test.context.jdbc.SqlScriptsTestExecutionListener@40dff0b7, org.springframework.test.context.event.EventPublishingTestExecutionListener@7966baa7, org.springframework.boot.test.mock.mockito.ResetMocksTestExecutionListener@60975100, org.springframework.boot.test.autoconfigure.restdocs.RestDocsTestExecutionListener@1253e7cb, org.springframework.boot.test.autoconfigure.web.client.MockRestServiceServerResetTestExecutionListener@2d36e77e, org.springframework.boot.test.autoconfigure.web.servlet.MockMvcPrintOnlyOnFailureTestExecutionListener@61c9c3fd, org.springframework.boot.test.autoconfigure.web.servlet.WebDriverTestExecutionListener@3b0c9195, org.springframework.boot.test.autoconfigure.webservices.client.MockWebServiceServerTestExecutionListener@366c4480]
2023-04-24 17:45:49,559 INFO org.springframework.boot.StartupInfoLogger [main] Starting CategoryServiceTest using Java 17.0.4 on DESKTOP-OKPVI97 with PID 7500 (started by Mahendra Nikam in F:\IntelliJ electronic stord\Electronic-Store)
2023-04-24 17:45:49,561 DEBUG org.springframework.boot.StartupInfoLogger [main] Running with Spring Boot v2.7.9, Spring v5.3.25
2023-04-24 17:45:49,562 INFO org.springframework.boot.SpringApplication [main] The following 1 profile is active: "dev"
2023-04-24 17:45:49,587 INFO org.hibernate.validator.internal.util.Version [background-preinit] HV000001: Hibernate Validator 6.2.5.Final
2023-04-24 17:45:52,633 INFO org.springframework.data.repository.config.RepositoryConfigurationDelegate [main] Bootstrapping Spring Data JPA repositories in DEFAULT mode.
2023-04-24 17:45:52,868 INFO org.springframework.data.repository.config.RepositoryConfigurationDelegate [main] Finished Spring Data repository scanning in 208 ms. Found 3 JPA repository interfaces.
2023-04-24 17:45:56,959 INFO org.hibernate.jpa.internal.util.LogHelper [main] HHH000204: Processing PersistenceUnitInfo [name: default]
2023-04-24 17:45:57,152 INFO org.hibernate.Version [main] HHH000412: Hibernate ORM core version 5.6.15.Final
2023-04-24 17:45:57,324 INFO org.hibernate.annotations.common.reflection.java.JavaReflectionManager [main] HCANN000001: Hibernate Commons Annotations {5.1.2.Final}
2023-04-24 17:45:57,885 INFO com.zaxxer.hikari.HikariDataSource [main] HikariPool-1 - Starting...
2023-04-24 17:45:59,217 INFO com.zaxxer.hikari.HikariDataSource [main] HikariPool-1 - Start completed.
2023-04-24 17:45:59,263 INFO org.hibernate.dialect.Dialect [main] HHH000400: Using dialect: org.hibernate.dialect.MySQL5InnoDBDialect
2023-04-24 17:46:01,927 INFO org.hibernate.engine.transaction.jta.platform.internal.JtaPlatformInitiator [main] HHH000490: Using JtaPlatform implementation: [org.hibernate.engine.transaction.jta.platform.internal.NoJtaPlatform]
2023-04-24 17:46:01,956 INFO org.springframework.orm.jpa.AbstractEntityManagerFactoryBean [main] Initialized JPA EntityManagerFactory for persistence unit 'default'
2023-04-24 17:46:04,236 INFO org.springframework.mock.web.MockServletContext [main] Initializing Spring TestDispatcherServlet ''
2023-04-24 17:46:04,238 INFO org.springframework.web.servlet.FrameworkServlet [main] Initializing Servlet ''
2023-04-24 17:46:04,403 WARN org.springframework.boot.autoconfigure.orm.jpa.JpaBaseConfiguration$JpaWebConfiguration [main] spring.jpa.open-in-view is enabled by default. Therefore, database queries may be performed during view rendering. Explicitly configure spring.jpa.open-in-view to disable this warning
2023-04-24 17:46:06,793 INFO org.springframework.web.servlet.FrameworkServlet [main] Completed initialization in 2554 ms
2023-04-24 17:46:08,667 INFO org.springframework.boot.StartupInfoLogger [main] Started CategoryServiceTest in 20.53 seconds (JVM running for 25.348)
2023-04-24 17:46:09,170 INFO com.happytech.electronicstore.Service.Impl.CategoryServiceImpl [main] Initiate the dao class to create the category
2023-04-24 17:46:09,240 INFO com.happytech.electronicstore.Service.Impl.CategoryServiceImpl [main] completed the dao class to create the category
2023-04-24 17:46:09,385 INFO com.happytech.electronicstore.Service.Impl.CategoryServiceImpl [main] Initiate the dao call to delete the category:10
2023-04-24 17:46:09,391 INFO com.happytech.electronicstore.Service.Impl.CategoryServiceImpl [main] Category image not found in folder....!!
2023-04-24 17:46:09,451 INFO com.happytech.electronicstore.Service.Impl.CategoryServiceImpl [main] completed the dao call to delete the category:10
2023-04-24 17:46:09,492 INFO com.happytech.electronicstore.Service.Impl.CategoryServiceImpl [main] Initiate the dao call to update the category:1
2023-04-24 17:46:09,500 INFO com.happytech.electronicstore.Service.Impl.CategoryServiceImpl [main] complete the dao call to update the category:1
2023-04-24 17:46:09,550 INFO com.happytech.electronicstore.Service.Impl.CategoryServiceImpl [main] Initiate the dao call to get search categorys:Cometics
2023-04-24 17:46:09,562 INFO com.happytech.electronicstore.Service.Impl.CategoryServiceImpl [main] completed the dao call to get search categorys:Cometics
2023-04-24 17:46:09,643 INFO com.happytech.electronicstore.Service.Impl.CategoryServiceImpl [main] Initiate the dao call to get single categorys:10
2023-04-24 17:46:09,656 INFO com.happytech.electronicstore.Service.Impl.CategoryServiceImpl [main] completed the dao call to get single categorys:10
2023-04-24 17:46:09,682 INFO com.happytech.electronicstore.Service.Impl.CategoryServiceImpl [main] Initiate the dao call to get All the categorys:{}
2023-04-24 17:46:09,771 INFO com.happytech.electronicstore.Service.Impl.CategoryServiceImpl [main] completed the dao call to get All the categorys:{}
2023-04-24 17:46:09,825 INFO org.springframework.orm.jpa.AbstractEntityManagerFactoryBean [SpringApplicationShutdownHook] Closing JPA EntityManagerFactory for persistence unit 'default'
2023-04-24 17:46:09,838 INFO com.zaxxer.hikari.HikariDataSource [SpringApplicationShutdownHook] HikariPool-1 - Shutdown initiated...
2023-04-24 17:46:10,047 INFO com.zaxxer.hikari.HikariDataSource [SpringApplicationShutdownHook] HikariPool-1 - Shutdown completed.
2023-04-24 17:47:43,716 INFO org.springframework.test.context.support.AbstractTestContextBootstrapper [main] Neither @ContextConfiguration nor @ContextHierarchy found for test class [com.happytech.electronicstore.service.ProductImplTest], using SpringBootContextLoader
2023-04-24 17:47:43,759 INFO org.springframework.test.context.support.AbstractContextLoader [main] Could not detect default resource locations for test class [com.happytech.electronicstore.service.ProductImplTest]: no resource found for suffixes {-context.xml, Context.groovy}.
2023-04-24 17:47:43,767 INFO org.springframework.test.context.support.AnnotationConfigContextLoaderUtils [main] Could not detect default configuration classes for test class [com.happytech.electronicstore.service.ProductImplTest]: ProductImplTest does not declare any static, non-private, non-final, nested classes annotated with @Configuration.
2023-04-24 17:47:44,858 INFO org.springframework.boot.test.context.SpringBootTestContextBootstrapper [main] Found @SpringBootConfiguration com.happytech.electronicstore.ElectronicStoreApplication for test class com.happytech.electronicstore.service.ProductImplTest
2023-04-24 17:47:45,514 INFO org.springframework.test.context.support.AbstractTestContextBootstrapper [main] Loaded default TestExecutionListener class names from location [META-INF/spring.factories]: [org.springframework.boot.test.mock.mockito.MockitoTestExecutionListener, org.springframework.boot.test.mock.mockito.ResetMocksTestExecutionListener, org.springframework.boot.test.autoconfigure.restdocs.RestDocsTestExecutionListener, org.springframework.boot.test.autoconfigure.web.client.MockRestServiceServerResetTestExecutionListener, org.springframework.boot.test.autoconfigure.web.servlet.MockMvcPrintOnlyOnFailureTestExecutionListener, org.springframework.boot.test.autoconfigure.web.servlet.WebDriverTestExecutionListener, org.springframework.boot.test.autoconfigure.webservices.client.MockWebServiceServerTestExecutionListener, org.springframework.test.context.web.ServletTestExecutionListener, org.springframework.test.context.support.DirtiesContextBeforeModesTestExecutionListener, org.springframework.test.context.event.ApplicationEventsTestExecutionListener, org.springframework.test.context.support.DependencyInjectionTestExecutionListener, org.springframework.test.context.support.DirtiesContextTestExecutionListener, org.springframework.test.context.transaction.TransactionalTestExecutionListener, org.springframework.test.context.jdbc.SqlScriptsTestExecutionListener, org.springframework.test.context.event.EventPublishingTestExecutionListener]
2023-04-24 17:47:45,590 INFO org.springframework.test.context.support.AbstractTestContextBootstrapper [main] Using TestExecutionListeners: [org.springframework.test.context.web.ServletTestExecutionListener@fcb4004, org.springframework.test.context.support.DirtiesContextBeforeModesTestExecutionListener@1dd6d4b7, org.springframework.test.context.event.ApplicationEventsTestExecutionListener@56e8b606, org.springframework.boot.test.mock.mockito.MockitoTestExecutionListener@2dd29a59, org.springframework.boot.test.autoconfigure.SpringBootDependencyInjectionTestExecutionListener@784c3487, org.springframework.test.context.support.DirtiesContextTestExecutionListener@53142455, org.springframework.test.context.transaction.TransactionalTestExecutionListener@40dff0b7, org.springframework.test.context.jdbc.SqlScriptsTestExecutionListener@7966baa7, org.springframework.test.context.event.EventPublishingTestExecutionListener@60975100, org.springframework.boot.test.mock.mockito.ResetMocksTestExecutionListener@1253e7cb, org.springframework.boot.test.autoconfigure.restdocs.RestDocsTestExecutionListener@2d36e77e, org.springframework.boot.test.autoconfigure.web.client.MockRestServiceServerResetTestExecutionListener@61c9c3fd, org.springframework.boot.test.autoconfigure.web.servlet.MockMvcPrintOnlyOnFailureTestExecutionListener@3b0c9195, org.springframework.boot.test.autoconfigure.web.servlet.WebDriverTestExecutionListener@366c4480, org.springframework.boot.test.autoconfigure.webservices.client.MockWebServiceServerTestExecutionListener@2c7b5824]
2023-04-24 17:47:47,389 INFO org.springframework.boot.StartupInfoLogger [main] Starting ProductImplTest using Java 17.0.4 on DESKTOP-OKPVI97 with PID 10408 (started by Mahendra Nikam in F:\IntelliJ electronic stord\Electronic-Store)
2023-04-24 17:47:47,392 DEBUG org.springframework.boot.StartupInfoLogger [main] Running with Spring Boot v2.7.9, Spring v5.3.25
2023-04-24 17:47:47,393 INFO org.springframework.boot.SpringApplication [main] The following 1 profile is active: "dev"
2023-04-24 17:47:47,425 INFO org.hibernate.validator.internal.util.Version [background-preinit] HV000001: Hibernate Validator 6.2.5.Final
2023-04-24 17:47:51,191 INFO org.springframework.data.repository.config.RepositoryConfigurationDelegate [main] Bootstrapping Spring Data JPA repositories in DEFAULT mode.
2023-04-24 17:47:51,437 INFO org.springframework.data.repository.config.RepositoryConfigurationDelegate [main] Finished Spring Data repository scanning in 213 ms. Found 3 JPA repository interfaces.
2023-04-24 17:47:58,957 INFO org.hibernate.jpa.internal.util.LogHelper [main] HHH000204: Processing PersistenceUnitInfo [name: default]
2023-04-24 17:47:59,273 INFO org.hibernate.Version [main] HHH000412: Hibernate ORM core version 5.6.15.Final
2023-04-24 17:47:59,472 INFO org.hibernate.annotations.common.reflection.java.JavaReflectionManager [main] HCANN000001: Hibernate Commons Annotations {5.1.2.Final}
2023-04-24 17:48:00,003 INFO com.zaxxer.hikari.HikariDataSource [main] HikariPool-1 - Starting...
2023-04-24 17:48:01,488 INFO com.zaxxer.hikari.HikariDataSource [main] HikariPool-1 - Start completed.
2023-04-24 17:48:01,551 INFO org.hibernate.dialect.Dialect [main] HHH000400: Using dialect: org.hibernate.dialect.MySQL5InnoDBDialect
2023-04-24 17:48:04,438 INFO org.hibernate.engine.transaction.jta.platform.internal.JtaPlatformInitiator [main] HHH000490: Using JtaPlatform implementation: [org.hibernate.engine.transaction.jta.platform.internal.NoJtaPlatform]
2023-04-24 17:48:04,485 INFO org.springframework.orm.jpa.AbstractEntityManagerFactoryBean [main] Initialized JPA EntityManagerFactory for persistence unit 'default'
2023-04-24 17:48:05,246 INFO org.springframework.mock.web.MockServletContext [main] Initializing Spring TestDispatcherServlet ''
2023-04-24 17:48:05,248 INFO org.springframework.web.servlet.FrameworkServlet [main] Initializing Servlet ''
2023-04-24 17:48:05,545 WARN org.springframework.boot.autoconfigure.orm.jpa.JpaBaseConfiguration$JpaWebConfiguration [main] spring.jpa.open-in-view is enabled by default. Therefore, database queries may be performed during view rendering. Explicitly configure spring.jpa.open-in-view to disable this warning
2023-04-24 17:48:09,058 INFO org.springframework.web.servlet.FrameworkServlet [main] Completed initialization in 3798 ms
2023-04-24 17:48:12,039 INFO org.springframework.boot.StartupInfoLogger [main] Started ProductImplTest in 26.285 seconds (JVM running for 33.382)
2023-04-24 17:48:13,065 INFO org.springframework.orm.jpa.AbstractEntityManagerFactoryBean [SpringApplicationShutdownHook] Closing JPA EntityManagerFactory for persistence unit 'default'
2023-04-24 17:48:13,073 INFO com.zaxxer.hikari.HikariDataSource [SpringApplicationShutdownHook] HikariPool-1 - Shutdown initiated...
2023-04-24 17:48:13,134 INFO com.zaxxer.hikari.HikariDataSource [SpringApplicationShutdownHook] HikariPool-1 - Shutdown completed.
2023-04-24 17:50:12,964 INFO org.springframework.test.context.support.AbstractTestContextBootstrapper [main] Neither @ContextConfiguration nor @ContextHierarchy found for test class [com.happytech.electronicstore.service.ProductImplTest], using SpringBootContextLoader
2023-04-24 17:50:13,004 INFO org.springframework.test.context.support.AbstractContextLoader [main] Could not detect default resource locations for test class [com.happytech.electronicstore.service.ProductImplTest]: no resource found for suffixes {-context.xml, Context.groovy}.
2023-04-24 17:50:13,011 INFO org.springframework.test.context.support.AnnotationConfigContextLoaderUtils [main] Could not detect default configuration classes for test class [com.happytech.electronicstore.service.ProductImplTest]: ProductImplTest does not declare any static, non-private, non-final, nested classes annotated with @Configuration.
2023-04-24 17:50:13,597 INFO org.springframework.boot.test.context.SpringBootTestContextBootstrapper [main] Found @SpringBootConfiguration com.happytech.electronicstore.ElectronicStoreApplication for test class com.happytech.electronicstore.service.ProductImplTest
2023-04-24 17:50:13,966 INFO org.springframework.test.context.support.AbstractTestContextBootstrapper [main] Loaded default TestExecutionListener class names from location [META-INF/spring.factories]: [org.springframework.boot.test.mock.mockito.MockitoTestExecutionListener, org.springframework.boot.test.mock.mockito.ResetMocksTestExecutionListener, org.springframework.boot.test.autoconfigure.restdocs.RestDocsTestExecutionListener, org.springframework.boot.test.autoconfigure.web.client.MockRestServiceServerResetTestExecutionListener, org.springframework.boot.test.autoconfigure.web.servlet.MockMvcPrintOnlyOnFailureTestExecutionListener, org.springframework.boot.test.autoconfigure.web.servlet.WebDriverTestExecutionListener, org.springframework.boot.test.autoconfigure.webservices.client.MockWebServiceServerTestExecutionListener, org.springframework.test.context.web.ServletTestExecutionListener, org.springframework.test.context.support.DirtiesContextBeforeModesTestExecutionListener, org.springframework.test.context.event.ApplicationEventsTestExecutionListener, org.springframework.test.context.support.DependencyInjectionTestExecutionListener, org.springframework.test.context.support.DirtiesContextTestExecutionListener, org.springframework.test.context.transaction.TransactionalTestExecutionListener, org.springframework.test.context.jdbc.SqlScriptsTestExecutionListener, org.springframework.test.context.event.EventPublishingTestExecutionListener]
2023-04-24 17:50:14,027 INFO org.springframework.test.context.support.AbstractTestContextBootstrapper [main] Using TestExecutionListeners: [org.springframework.test.context.web.ServletTestExecutionListener@7e7b159b, org.springframework.test.context.support.DirtiesContextBeforeModesTestExecutionListener@7e5d9a50, org.springframework.test.context.event.ApplicationEventsTestExecutionListener@60957c0f, org.springframework.boot.test.mock.mockito.MockitoTestExecutionListener@293a5f75, org.springframework.boot.test.autoconfigure.SpringBootDependencyInjectionTestExecutionListener@fcb4004, org.springframework.test.context.support.DirtiesContextTestExecutionListener@1dd6d4b7, org.springframework.test.context.transaction.TransactionalTestExecutionListener@56e8b606, org.springframework.test.context.jdbc.SqlScriptsTestExecutionListener@2dd29a59, org.springframework.test.context.event.EventPublishingTestExecutionListener@784c3487, org.springframework.boot.test.mock.mockito.ResetMocksTestExecutionListener@53142455, org.springframework.boot.test.autoconfigure.restdocs.RestDocsTestExecutionListener@40dff0b7, org.springframework.boot.test.autoconfigure.web.client.MockRestServiceServerResetTestExecutionListener@7966baa7, org.springframework.boot.test.autoconfigure.web.servlet.MockMvcPrintOnlyOnFailureTestExecutionListener@60975100, org.springframework.boot.test.autoconfigure.web.servlet.WebDriverTestExecutionListener@1253e7cb, org.springframework.boot.test.autoconfigure.webservices.client.MockWebServiceServerTestExecutionListener@2d36e77e]
2023-04-24 17:50:15,209 INFO org.springframework.boot.StartupInfoLogger [main] Starting ProductImplTest using Java 17.0.4 on DESKTOP-OKPVI97 with PID 8 (started by Mahendra Nikam in F:\IntelliJ electronic stord\Electronic-Store)
2023-04-24 17:50:15,211 DEBUG org.springframework.boot.StartupInfoLogger [main] Running with Spring Boot v2.7.9, Spring v5.3.25
2023-04-24 17:50:15,215 INFO org.springframework.boot.SpringApplication [main] The following 1 profile is active: "dev"
2023-04-24 17:50:15,260 INFO org.hibernate.validator.internal.util.Version [background-preinit] HV000001: Hibernate Validator 6.2.5.Final
2023-04-24 17:50:18,397 INFO org.springframework.data.repository.config.RepositoryConfigurationDelegate [main] Bootstrapping Spring Data JPA repositories in DEFAULT mode.
2023-04-24 17:50:18,660 INFO org.springframework.data.repository.config.RepositoryConfigurationDelegate [main] Finished Spring Data repository scanning in 234 ms. Found 3 JPA repository interfaces.
2023-04-24 17:50:22,983 INFO org.hibernate.jpa.internal.util.LogHelper [main] HHH000204: Processing PersistenceUnitInfo [name: default]
2023-04-24 17:50:23,136 INFO org.hibernate.Version [main] HHH000412: Hibernate ORM core version 5.6.15.Final
2023-04-24 17:50:23,279 INFO org.hibernate.annotations.common.reflection.java.JavaReflectionManager [main] HCANN000001: Hibernate Commons Annotations {5.1.2.Final}
2023-04-24 17:50:23,787 INFO com.zaxxer.hikari.HikariDataSource [main] HikariPool-1 - Starting...
2023-04-24 17:50:25,082 INFO com.zaxxer.hikari.HikariDataSource [main] HikariPool-1 - Start completed.
2023-04-24 17:50:25,153 INFO org.hibernate.dialect.Dialect [main] HHH000400: Using dialect: org.hibernate.dialect.MySQL5InnoDBDialect
2023-04-24 17:50:27,405 INFO org.hibernate.engine.transaction.jta.platform.internal.JtaPlatformInitiator [main] HHH000490: Using JtaPlatform implementation: [org.hibernate.engine.transaction.jta.platform.internal.NoJtaPlatform]
2023-04-24 17:50:27,434 INFO org.springframework.orm.jpa.AbstractEntityManagerFactoryBean [main] Initialized JPA EntityManagerFactory for persistence unit 'default'
2023-04-24 17:50:28,015 INFO org.springframework.mock.web.MockServletContext [main] Initializing Spring TestDispatcherServlet ''
2023-04-24 17:50:28,016 INFO org.springframework.web.servlet.FrameworkServlet [main] Initializing Servlet ''
2023-04-24 17:50:28,138 WARN org.springframework.boot.autoconfigure.orm.jpa.JpaBaseConfiguration$JpaWebConfiguration [main] spring.jpa.open-in-view is enabled by default. Therefore, database queries may be performed during view rendering. Explicitly configure spring.jpa.open-in-view to disable this warning
2023-04-24 17:50:30,031 INFO org.springframework.web.servlet.FrameworkServlet [main] Completed initialization in 2014 ms
2023-04-24 17:50:32,520 INFO org.springframework.boot.StartupInfoLogger [main] Started ProductImplTest in 18.346 seconds (JVM running for 23.383)
2023-04-24 17:50:33,584 INFO org.springframework.orm.jpa.AbstractEntityManagerFactoryBean [SpringApplicationShutdownHook] Closing JPA EntityManagerFactory for persistence unit 'default'
2023-04-24 17:50:33,594 INFO com.zaxxer.hikari.HikariDataSource [SpringApplicationShutdownHook] HikariPool-1 - Shutdown initiated...
2023-04-24 17:50:33,666 INFO com.zaxxer.hikari.HikariDataSource [SpringApplicationShutdownHook] HikariPool-1 - Shutdown completed.
2023-04-24 17:59:40,494 INFO org.springframework.test.context.support.AbstractTestContextBootstrapper [main] Neither @ContextConfiguration nor @ContextHierarchy found for test class [com.happytech.electronicstore.service.ProductImplTest], using SpringBootContextLoader
2023-04-24 17:59:40,519 INFO org.springframework.test.context.support.AbstractContextLoader [main] Could not detect default resource locations for test class [com.happytech.electronicstore.service.ProductImplTest]: no resource found for suffixes {-context.xml, Context.groovy}.
2023-04-24 17:59:40,524 INFO org.springframework.test.context.support.AnnotationConfigContextLoaderUtils [main] Could not detect default configuration classes for test class [com.happytech.electronicstore.service.ProductImplTest]: ProductImplTest does not declare any static, non-private, non-final, nested classes annotated with @Configuration.
2023-04-24 17:59:41,135 INFO org.springframework.boot.test.context.SpringBootTestContextBootstrapper [main] Found @SpringBootConfiguration com.happytech.electronicstore.ElectronicStoreApplication for test class com.happytech.electronicstore.service.ProductImplTest
2023-04-24 17:59:41,590 INFO org.springframework.test.context.support.AbstractTestContextBootstrapper [main] Loaded default TestExecutionListener class names from location [META-INF/spring.factories]: [org.springframework.boot.test.mock.mockito.MockitoTestExecutionListener, org.springframework.boot.test.mock.mockito.ResetMocksTestExecutionListener, org.springframework.boot.test.autoconfigure.restdocs.RestDocsTestExecutionListener, org.springframework.boot.test.autoconfigure.web.client.MockRestServiceServerResetTestExecutionListener, org.springframework.boot.test.autoconfigure.web.servlet.MockMvcPrintOnlyOnFailureTestExecutionListener, org.springframework.boot.test.autoconfigure.web.servlet.WebDriverTestExecutionListener, org.springframework.boot.test.autoconfigure.webservices.client.MockWebServiceServerTestExecutionListener, org.springframework.test.context.web.ServletTestExecutionListener, org.springframework.test.context.support.DirtiesContextBeforeModesTestExecutionListener, org.springframework.test.context.event.ApplicationEventsTestExecutionListener, org.springframework.test.context.support.DependencyInjectionTestExecutionListener, org.springframework.test.context.support.DirtiesContextTestExecutionListener, org.springframework.test.context.transaction.TransactionalTestExecutionListener, org.springframework.test.context.jdbc.SqlScriptsTestExecutionListener, org.springframework.test.context.event.EventPublishingTestExecutionListener]
2023-04-24 17:59:41,650 INFO org.springframework.test.context.support.AbstractTestContextBootstrapper [main] Using TestExecutionListeners: [org.springframework.test.context.web.ServletTestExecutionListener@7e7b159b, org.springframework.test.context.support.DirtiesContextBeforeModesTestExecutionListener@7e5d9a50, org.springframework.test.context.event.ApplicationEventsTestExecutionListener@60957c0f, org.springframework.boot.test.mock.mockito.MockitoTestExecutionListener@293a5f75, org.springframework.boot.test.autoconfigure.SpringBootDependencyInjectionTestExecutionListener@fcb4004, org.springframework.test.context.support.DirtiesContextTestExecutionListener@1dd6d4b7, org.springframework.test.context.transaction.TransactionalTestExecutionListener@56e8b606, org.springframework.test.context.jdbc.SqlScriptsTestExecutionListener@2dd29a59, org.springframework.test.context.event.EventPublishingTestExecutionListener@784c3487, org.springframework.boot.test.mock.mockito.ResetMocksTestExecutionListener@53142455, org.springframework.boot.test.autoconfigure.restdocs.RestDocsTestExecutionListener@40dff0b7, org.springframework.boot.test.autoconfigure.web.client.MockRestServiceServerResetTestExecutionListener@7966baa7, org.springframework.boot.test.autoconfigure.web.servlet.MockMvcPrintOnlyOnFailureTestExecutionListener@60975100, org.springframework.boot.test.autoconfigure.web.servlet.WebDriverTestExecutionListener@1253e7cb, org.springframework.boot.test.autoconfigure.webservices.client.MockWebServiceServerTestExecutionListener@2d36e77e]
2023-04-24 17:59:43,353 INFO org.springframework.boot.StartupInfoLogger [main] Starting ProductImplTest using Java 17.0.4 on DESKTOP-OKPVI97 with PID 2384 (started by Mahendra Nikam in F:\IntelliJ electronic stord\Electronic-Store)
2023-04-24 17:59:43,355 DEBUG org.springframework.boot.StartupInfoLogger [main] Running with Spring Boot v2.7.9, Spring v5.3.25
2023-04-24 17:59:43,357 INFO org.springframework.boot.SpringApplication [main] The following 1 profile is active: "dev"
2023-04-24 17:59:43,440 INFO org.hibernate.validator.internal.util.Version [background-preinit] HV000001: Hibernate Validator 6.2.5.Final
2023-04-24 17:59:48,995 INFO org.springframework.data.repository.config.RepositoryConfigurationDelegate [main] Bootstrapping Spring Data JPA repositories in DEFAULT mode.
2023-04-24 17:59:49,566 INFO org.springframework.data.repository.config.RepositoryConfigurationDelegate [main] Finished Spring Data repository scanning in 483 ms. Found 3 JPA repository interfaces.
2023-04-24 17:59:56,107 INFO org.hibernate.jpa.internal.util.LogHelper [main] HHH000204: Processing PersistenceUnitInfo [name: default]
2023-04-24 17:59:56,306 INFO org.hibernate.Version [main] HHH000412: Hibernate ORM core version 5.6.15.Final
2023-04-24 17:59:56,454 INFO org.hibernate.annotations.common.reflection.java.JavaReflectionManager [main] HCANN000001: Hibernate Commons Annotations {5.1.2.Final}
2023-04-24 17:59:57,006 INFO com.zaxxer.hikari.HikariDataSource [main] HikariPool-1 - Starting...
2023-04-24 17:59:58,169 INFO com.zaxxer.hikari.HikariDataSource [main] HikariPool-1 - Start completed.
2023-04-24 17:59:58,215 INFO org.hibernate.dialect.Dialect [main] HHH000400: Using dialect: org.hibernate.dialect.MySQL5InnoDBDialect
2023-04-24 18:00:01,173 INFO org.hibernate.engine.transaction.jta.platform.internal.JtaPlatformInitiator [main] HHH000490: Using JtaPlatform implementation: [org.hibernate.engine.transaction.jta.platform.internal.NoJtaPlatform]
2023-04-24 18:00:01,222 INFO org.springframework.orm.jpa.AbstractEntityManagerFactoryBean [main] Initialized JPA EntityManagerFactory for persistence unit 'default'
2023-04-24 18:00:02,144 INFO org.springframework.mock.web.MockServletContext [main] Initializing Spring TestDispatcherServlet ''
2023-04-24 18:00:02,145 INFO org.springframework.web.servlet.FrameworkServlet [main] Initializing Servlet ''
2023-04-24 18:00:02,353 WARN org.springframework.boot.autoconfigure.orm.jpa.JpaBaseConfiguration$JpaWebConfiguration [main] spring.jpa.open-in-view is enabled by default. Therefore, database queries may be performed during view rendering. Explicitly configure spring.jpa.open-in-view to disable this warning
2023-04-24 18:00:05,171 INFO org.springframework.web.servlet.FrameworkServlet [main] Completed initialization in 3024 ms
2023-04-24 18:00:07,850 INFO org.springframework.boot.StartupInfoLogger [main] Started ProductImplTest in 26.003 seconds (JVM running for 32.343)
2023-04-24 18:00:08,345 INFO org.springframework.orm.jpa.AbstractEntityManagerFactoryBean [SpringApplicationShutdownHook] Closing JPA EntityManagerFactory for persistence unit 'default'
2023-04-24 18:00:08,350 INFO com.zaxxer.hikari.HikariDataSource [SpringApplicationShutdownHook] HikariPool-1 - Shutdown initiated...
2023-04-24 18:00:08,435 INFO com.zaxxer.hikari.HikariDataSource [SpringApplicationShutdownHook] HikariPool-1 - Shutdown completed.
2023-04-24 18:00:29,424 INFO org.springframework.test.context.support.AbstractTestContextBootstrapper [main] Neither @ContextConfiguration nor @ContextHierarchy found for test class [com.happytech.electronicstore.service.ProductImplTest], using SpringBootContextLoader
2023-04-24 18:00:29,445 INFO org.springframework.test.context.support.AbstractContextLoader [main] Could not detect default resource locations for test class [com.happytech.electronicstore.service.ProductImplTest]: no resource found for suffixes {-context.xml, Context.groovy}.
2023-04-24 18:00:29,458 INFO org.springframework.test.context.support.AnnotationConfigContextLoaderUtils [main] Could not detect default configuration classes for test class [com.happytech.electronicstore.service.ProductImplTest]: ProductImplTest does not declare any static, non-private, non-final, nested classes annotated with @Configuration.
2023-04-24 18:00:29,957 INFO org.springframework.boot.test.context.SpringBootTestContextBootstrapper [main] Found @SpringBootConfiguration com.happytech.electronicstore.ElectronicStoreApplication for test class com.happytech.electronicstore.service.ProductImplTest
2023-04-24 18:00:30,357 INFO org.springframework.test.context.support.AbstractTestContextBootstrapper [main] Loaded default TestExecutionListener class names from location [META-INF/spring.factories]: [org.springframework.boot.test.mock.mockito.MockitoTestExecutionListener, org.springframework.boot.test.mock.mockito.ResetMocksTestExecutionListener, org.springframework.boot.test.autoconfigure.restdocs.RestDocsTestExecutionListener, org.springframework.boot.test.autoconfigure.web.client.MockRestServiceServerResetTestExecutionListener, org.springframework.boot.test.autoconfigure.web.servlet.MockMvcPrintOnlyOnFailureTestExecutionListener, org.springframework.boot.test.autoconfigure.web.servlet.WebDriverTestExecutionListener, org.springframework.boot.test.autoconfigure.webservices.client.MockWebServiceServerTestExecutionListener, org.springframework.test.context.web.ServletTestExecutionListener, org.springframework.test.context.support.DirtiesContextBeforeModesTestExecutionListener, org.springframework.test.context.event.ApplicationEventsTestExecutionListener, org.springframework.test.context.support.DependencyInjectionTestExecutionListener, org.springframework.test.context.support.DirtiesContextTestExecutionListener, org.springframework.test.context.transaction.TransactionalTestExecutionListener, org.springframework.test.context.jdbc.SqlScriptsTestExecutionListener, org.springframework.test.context.event.EventPublishingTestExecutionListener]
2023-04-24 18:00:30,426 INFO org.springframework.test.context.support.AbstractTestContextBootstrapper [main] Using TestExecutionListeners: [org.springframework.test.context.web.ServletTestExecutionListener@56e8b606, org.springframework.test.context.support.DirtiesContextBeforeModesTestExecutionListener@2dd29a59, org.springframework.test.context.event.ApplicationEventsTestExecutionListener@784c3487, org.springframework.boot.test.mock.mockito.MockitoTestExecutionListener@53142455, org.springframework.boot.test.autoconfigure.SpringBootDependencyInjectionTestExecutionListener@40dff0b7, org.springframework.test.context.support.DirtiesContextTestExecutionListener@7966baa7, org.springframework.test.context.transaction.TransactionalTestExecutionListener@60975100, org.springframework.test.context.jdbc.SqlScriptsTestExecutionListener@1253e7cb, org.springframework.test.context.event.EventPublishingTestExecutionListener@2d36e77e, org.springframework.boot.test.mock.mockito.ResetMocksTestExecutionListener@61c9c3fd, org.springframework.boot.test.autoconfigure.restdocs.RestDocsTestExecutionListener@3b0c9195, org.springframework.boot.test.autoconfigure.web.client.MockRestServiceServerResetTestExecutionListener@366c4480, org.springframework.boot.test.autoconfigure.web.servlet.MockMvcPrintOnlyOnFailureTestExecutionListener@2c7b5824, org.springframework.boot.test.autoconfigure.web.servlet.WebDriverTestExecutionListener@302a07d, org.springframework.boot.test.autoconfigure.webservices.client.MockWebServiceServerTestExecutionListener@5cdd09b1]
2023-04-24 18:00:31,827 INFO org.springframework.boot.StartupInfoLogger [main] Starting ProductImplTest using Java 17.0.4 on DESKTOP-OKPVI97 with PID 11184 (started by Mahendra Nikam in F:\IntelliJ electronic stord\Electronic-Store)
2023-04-24 18:00:31,832 DEBUG org.springframework.boot.StartupInfoLogger [main] Running with Spring Boot v2.7.9, Spring v5.3.25
2023-04-24 18:00:31,835 INFO org.springframework.boot.SpringApplication [main] The following 1 profile is active: "dev"
2023-04-24 18:00:31,925 INFO org.hibernate.validator.internal.util.Version [background-preinit] HV000001: Hibernate Validator 6.2.5.Final
2023-04-24 18:00:34,845 INFO org.springframework.data.repository.config.RepositoryConfigurationDelegate [main] Bootstrapping Spring Data JPA repositories in DEFAULT mode.
2023-04-24 18:00:35,050 INFO org.springframework.data.repository.config.RepositoryConfigurationDelegate [main] Finished Spring Data repository scanning in 179 ms. Found 3 JPA repository interfaces.
2023-04-24 18:00:40,686 INFO org.hibernate.jpa.internal.util.LogHelper [main] HHH000204: Processing PersistenceUnitInfo [name: default]
2023-04-24 18:00:40,876 INFO org.hibernate.Version [main] HHH000412: Hibernate ORM core version 5.6.15.Final
2023-04-24 18:00:41,067 INFO org.hibernate.annotations.common.reflection.java.JavaReflectionManager [main] HCANN000001: Hibernate Commons Annotations {5.1.2.Final}
2023-04-24 18:00:41,640 INFO com.zaxxer.hikari.HikariDataSource [main] HikariPool-1 - Starting...
2023-04-24 18:00:42,938 INFO com.zaxxer.hikari.HikariDataSource [main] HikariPool-1 - Start completed.
2023-04-24 18:00:43,015 INFO org.hibernate.dialect.Dialect [main] HHH000400: Using dialect: org.hibernate.dialect.MySQL5InnoDBDialect
2023-04-24 18:00:45,767 INFO org.hibernate.engine.transaction.jta.platform.internal.JtaPlatformInitiator [main] HHH000490: Using JtaPlatform implementation: [org.hibernate.engine.transaction.jta.platform.internal.NoJtaPlatform]
2023-04-24 18:00:45,795 INFO org.springframework.orm.jpa.AbstractEntityManagerFactoryBean [main] Initialized JPA EntityManagerFactory for persistence unit 'default'
2023-04-24 18:00:46,460 INFO org.springframework.mock.web.MockServletContext [main] Initializing Spring TestDispatcherServlet ''
2023-04-24 18:00:46,461 INFO org.springframework.web.servlet.FrameworkServlet [main] Initializing Servlet ''
2023-04-24 18:00:46,569 WARN org.springframework.boot.autoconfigure.orm.jpa.JpaBaseConfiguration$JpaWebConfiguration [main] spring.jpa.open-in-view is enabled by default. Therefore, database queries may be performed during view rendering. Explicitly configure spring.jpa.open-in-view to disable this warning
2023-04-24 18:00:48,703 INFO org.springframework.web.servlet.FrameworkServlet [main] Completed initialization in 2241 ms
2023-04-24 18:00:51,093 INFO org.springframework.boot.StartupInfoLogger [main] Started ProductImplTest in 20.483 seconds (JVM running for 24.513)
2023-04-24 18:00:51,501 INFO org.springframework.orm.jpa.AbstractEntityManagerFactoryBean [SpringApplicationShutdownHook] Closing JPA EntityManagerFactory for persistence unit 'default'
2023-04-24 18:00:51,508 INFO com.zaxxer.hikari.HikariDataSource [SpringApplicationShutdownHook] HikariPool-1 - Shutdown initiated...
2023-04-24 18:00:51,569 INFO com.zaxxer.hikari.HikariDataSource [SpringApplicationShutdownHook] HikariPool-1 - Shutdown completed.
2023-04-24 18:05:31,534 INFO org.springframework.test.context.support.AbstractTestContextBootstrapper [main] Neither @ContextConfiguration nor @ContextHierarchy found for test class [com.happytech.electronicstore.service.ProductImplTest], using SpringBootContextLoader
2023-04-24 18:05:31,578 INFO org.springframework.test.context.support.AbstractContextLoader [main] Could not detect default resource locations for test class [com.happytech.electronicstore.service.ProductImplTest]: no resource found for suffixes {-context.xml, Context.groovy}.
2023-04-24 18:05:31,583 INFO org.springframework.test.context.support.AnnotationConfigContextLoaderUtils [main] Could not detect default configuration classes for test class [com.happytech.electronicstore.service.ProductImplTest]: ProductImplTest does not declare any static, non-private, non-final, nested classes annotated with @Configuration.
2023-04-24 18:05:32,102 INFO org.springframework.boot.test.context.SpringBootTestContextBootstrapper [main] Found @SpringBootConfiguration com.happytech.electronicstore.ElectronicStoreApplication for test class com.happytech.electronicstore.service.ProductImplTest
2023-04-24 18:05:32,532 INFO org.springframework.test.context.support.AbstractTestContextBootstrapper [main] Loaded default TestExecutionListener class names from location [META-INF/spring.factories]: [org.springframework.boot.test.mock.mockito.MockitoTestExecutionListener, org.springframework.boot.test.mock.mockito.ResetMocksTestExecutionListener, org.springframework.boot.test.autoconfigure.restdocs.RestDocsTestExecutionListener, org.springframework.boot.test.autoconfigure.web.client.MockRestServiceServerResetTestExecutionListener, org.springframework.boot.test.autoconfigure.web.servlet.MockMvcPrintOnlyOnFailureTestExecutionListener, org.springframework.boot.test.autoconfigure.web.servlet.WebDriverTestExecutionListener, org.springframework.boot.test.autoconfigure.webservices.client.MockWebServiceServerTestExecutionListener, org.springframework.test.context.web.ServletTestExecutionListener, org.springframework.test.context.support.DirtiesContextBeforeModesTestExecutionListener, org.springframework.test.context.event.ApplicationEventsTestExecutionListener, org.springframework.test.context.support.DependencyInjectionTestExecutionListener, org.springframework.test.context.support.DirtiesContextTestExecutionListener, org.springframework.test.context.transaction.TransactionalTestExecutionListener, org.springframework.test.context.jdbc.SqlScriptsTestExecutionListener, org.springframework.test.context.event.EventPublishingTestExecutionListener]
2023-04-24 18:05:32,617 INFO org.springframework.test.context.support.AbstractTestContextBootstrapper [main] Using TestExecutionListeners: [org.springframework.test.context.web.ServletTestExecutionListener@7e7b159b, org.springframework.test.context.support.DirtiesContextBeforeModesTestExecutionListener@7e5d9a50, org.springframework.test.context.event.ApplicationEventsTestExecutionListener@60957c0f, org.springframework.boot.test.mock.mockito.MockitoTestExecutionListener@293a5f75, org.springframework.boot.test.autoconfigure.SpringBootDependencyInjectionTestExecutionListener@fcb4004, org.springframework.test.context.support.DirtiesContextTestExecutionListener@1dd6d4b7, org.springframework.test.context.transaction.TransactionalTestExecutionListener@56e8b606, org.springframework.test.context.jdbc.SqlScriptsTestExecutionListener@2dd29a59, org.springframework.test.context.event.EventPublishingTestExecutionListener@784c3487, org.springframework.boot.test.mock.mockito.ResetMocksTestExecutionListener@53142455, org.springframework.boot.test.autoconfigure.restdocs.RestDocsTestExecutionListener@40dff0b7, org.springframework.boot.test.autoconfigure.web.client.MockRestServiceServerResetTestExecutionListener@7966baa7, org.springframework.boot.test.autoconfigure.web.servlet.MockMvcPrintOnlyOnFailureTestExecutionListener@60975100, org.springframework.boot.test.autoconfigure.web.servlet.WebDriverTestExecutionListener@1253e7cb, org.springframework.boot.test.autoconfigure.webservices.client.MockWebServiceServerTestExecutionListener@2d36e77e]
2023-04-24 18:05:33,987 INFO org.springframework.boot.StartupInfoLogger [main] Starting ProductImplTest using Java 17.0.4 on DESKTOP-OKPVI97 with PID 11800 (started by Mahendra Nikam in F:\IntelliJ electronic stord\Electronic-Store)
2023-04-24 18:05:33,989 DEBUG org.springframework.boot.StartupInfoLogger [main] Running with Spring Boot v2.7.9, Spring v5.3.25
2023-04-24 18:05:33,993 INFO org.springframework.boot.SpringApplication [main] The following 1 profile is active: "dev"
2023-04-24 18:05:34,019 INFO org.hibernate.validator.internal.util.Version [background-preinit] HV000001: Hibernate Validator 6.2.5.Final
2023-04-24 18:05:38,556 INFO org.springframework.data.repository.config.RepositoryConfigurationDelegate [main] Bootstrapping Spring Data JPA repositories in DEFAULT mode.
2023-04-24 18:05:38,842 INFO org.springframework.data.repository.config.RepositoryConfigurationDelegate [main] Finished Spring Data repository scanning in 251 ms. Found 3 JPA repository interfaces.
2023-04-24 18:05:43,527 INFO org.hibernate.jpa.internal.util.LogHelper [main] HHH000204: Processing PersistenceUnitInfo [name: default]
2023-04-24 18:05:43,686 INFO org.hibernate.Version [main] HHH000412: Hibernate ORM core version 5.6.15.Final
2023-04-24 18:05:43,826 INFO org.hibernate.annotations.common.reflection.java.JavaReflectionManager [main] HCANN000001: Hibernate Commons Annotations {5.1.2.Final}
2023-04-24 18:05:44,427 INFO com.zaxxer.hikari.HikariDataSource [main] HikariPool-1 - Starting...
2023-04-24 18:05:45,490 INFO com.zaxxer.hikari.HikariDataSource [main] HikariPool-1 - Start completed.
2023-04-24 18:05:45,536 INFO org.hibernate.dialect.Dialect [main] HHH000400: Using dialect: org.hibernate.dialect.MySQL5InnoDBDialect
2023-04-24 18:05:47,751 INFO org.hibernate.engine.transaction.jta.platform.internal.JtaPlatformInitiator [main] HHH000490: Using JtaPlatform implementation: [org.hibernate.engine.transaction.jta.platform.internal.NoJtaPlatform]
2023-04-24 18:05:47,780 INFO org.springframework.orm.jpa.AbstractEntityManagerFactoryBean [main] Initialized JPA EntityManagerFactory for persistence unit 'default'
2023-04-24 18:05:48,346 INFO org.springframework.mock.web.MockServletContext [main] Initializing Spring TestDispatcherServlet ''
2023-04-24 18:05:48,347 INFO org.springframework.web.servlet.FrameworkServlet [main] Initializing Servlet ''
2023-04-24 18:05:48,441 WARN org.springframework.boot.autoconfigure.orm.jpa.JpaBaseConfiguration$JpaWebConfiguration [main] spring.jpa.open-in-view is enabled by default. Therefore, database queries may be performed during view rendering. Explicitly configure spring.jpa.open-in-view to disable this warning
2023-04-24 18:05:50,151 INFO org.springframework.web.servlet.FrameworkServlet [main] Completed initialization in 1803 ms
2023-04-24 18:05:52,497 INFO org.springframework.boot.StartupInfoLogger [main] Started ProductImplTest in 19.696 seconds (JVM running for 24.867)
2023-04-24 18:05:52,917 INFO org.springframework.orm.jpa.AbstractEntityManagerFactoryBean [SpringApplicationShutdownHook] Closing JPA EntityManagerFactory for persistence unit 'default'
2023-04-24 18:05:52,922 INFO com.zaxxer.hikari.HikariDataSource [SpringApplicationShutdownHook] HikariPool-1 - Shutdown initiated...
2023-04-24 18:05:53,022 INFO com.zaxxer.hikari.HikariDataSource [SpringApplicationShutdownHook] HikariPool-1 - Shutdown completed.
2023-04-24 18:06:51,569 INFO org.springframework.test.context.support.AbstractTestContextBootstrapper [main] Neither @ContextConfiguration nor @ContextHierarchy found for test class [com.happytech.electronicstore.service.ProductImplTest], using SpringBootContextLoader
2023-04-24 18:06:51,610 INFO org.springframework.test.context.support.AbstractContextLoader [main] Could not detect default resource locations for test class [com.happytech.electronicstore.service.ProductImplTest]: no resource found for suffixes {-context.xml, Context.groovy}.
2023-04-24 18:06:51,614 INFO org.springframework.test.context.support.AnnotationConfigContextLoaderUtils [main] Could not detect default configuration classes for test class [com.happytech.electronicstore.service.ProductImplTest]: ProductImplTest does not declare any static, non-private, non-final, nested classes annotated with @Configuration.
2023-04-24 18:06:52,052 INFO org.springframework.boot.test.context.SpringBootTestContextBootstrapper [main] Found @SpringBootConfiguration com.happytech.electronicstore.ElectronicStoreApplication for test class com.happytech.electronicstore.service.ProductImplTest
2023-04-24 18:06:52,388 INFO org.springframework.test.context.support.AbstractTestContextBootstrapper [main] Loaded default TestExecutionListener class names from location [META-INF/spring.factories]: [org.springframework.boot.test.mock.mockito.MockitoTestExecutionListener, org.springframework.boot.test.mock.mockito.ResetMocksTestExecutionListener, org.springframework.boot.test.autoconfigure.restdocs.RestDocsTestExecutionListener, org.springframework.boot.test.autoconfigure.web.client.MockRestServiceServerResetTestExecutionListener, org.springframework.boot.test.autoconfigure.web.servlet.MockMvcPrintOnlyOnFailureTestExecutionListener, org.springframework.boot.test.autoconfigure.web.servlet.WebDriverTestExecutionListener, org.springframework.boot.test.autoconfigure.webservices.client.MockWebServiceServerTestExecutionListener, org.springframework.test.context.web.ServletTestExecutionListener, org.springframework.test.context.support.DirtiesContextBeforeModesTestExecutionListener, org.springframework.test.context.event.ApplicationEventsTestExecutionListener, org.springframework.test.context.support.DependencyInjectionTestExecutionListener, org.springframework.test.context.support.DirtiesContextTestExecutionListener, org.springframework.test.context.transaction.TransactionalTestExecutionListener, org.springframework.test.context.jdbc.SqlScriptsTestExecutionListener, org.springframework.test.context.event.EventPublishingTestExecutionListener]
2023-04-24 18:06:52,459 INFO org.springframework.test.context.support.AbstractTestContextBootstrapper [main] Using TestExecutionListeners: [org.springframework.test.context.web.ServletTestExecutionListener@60957c0f, org.springframework.test.context.support.DirtiesContextBeforeModesTestExecutionListener@293a5f75, org.springframework.test.context.event.ApplicationEventsTestExecutionListener@fcb4004, org.springframework.boot.test.mock.mockito.MockitoTestExecutionListener@1dd6d4b7, org.springframework.boot.test.autoconfigure.SpringBootDependencyInjectionTestExecutionListener@56e8b606, org.springframework.test.context.support.DirtiesContextTestExecutionListener@2dd29a59, org.springframework.test.context.transaction.TransactionalTestExecutionListener@784c3487, org.springframework.test.context.jdbc.SqlScriptsTestExecutionListener@53142455, org.springframework.test.context.event.EventPublishingTestExecutionListener@40dff0b7, org.springframework.boot.test.mock.mockito.ResetMocksTestExecutionListener@7966baa7, org.springframework.boot.test.autoconfigure.restdocs.RestDocsTestExecutionListener@60975100, org.springframework.boot.test.autoconfigure.web.client.MockRestServiceServerResetTestExecutionListener@1253e7cb, org.springframework.boot.test.autoconfigure.web.servlet.MockMvcPrintOnlyOnFailureTestExecutionListener@2d36e77e, org.springframework.boot.test.autoconfigure.web.servlet.WebDriverTestExecutionListener@61c9c3fd, org.springframework.boot.test.autoconfigure.webservices.client.MockWebServiceServerTestExecutionListener@3b0c9195]
2023-04-24 18:06:53,813 INFO org.springframework.boot.StartupInfoLogger [main] Starting ProductImplTest using Java 17.0.4 on DESKTOP-OKPVI97 with PID 12628 (started by Mahendra Nikam in F:\IntelliJ electronic stord\Electronic-Store)
2023-04-24 18:06:53,816 DEBUG org.springframework.boot.StartupInfoLogger [main] Running with Spring Boot v2.7.9, Spring v5.3.25
2023-04-24 18:06:53,818 INFO org.hibernate.validator.internal.util.Version [background-preinit] HV000001: Hibernate Validator 6.2.5.Final
2023-04-24 18:06:53,819 INFO org.springframework.boot.SpringApplication [main] The following 1 profile is active: "dev"
2023-04-24 18:06:57,356 INFO org.springframework.data.repository.config.RepositoryConfigurationDelegate [main] Bootstrapping Spring Data JPA repositories in DEFAULT mode.
2023-04-24 18:06:57,618 INFO org.springframework.data.repository.config.RepositoryConfigurationDelegate [main] Finished Spring Data repository scanning in 233 ms. Found 3 JPA repository interfaces.
2023-04-24 18:07:01,817 INFO org.hibernate.jpa.internal.util.LogHelper [main] HHH000204: Processing PersistenceUnitInfo [name: default]
2023-04-24 18:07:02,016 INFO org.hibernate.Version [main] HHH000412: Hibernate ORM core version 5.6.15.Final
2023-04-24 18:07:02,178 INFO org.hibernate.annotations.common.reflection.java.JavaReflectionManager [main] HCANN000001: Hibernate Commons Annotations {5.1.2.Final}
2023-04-24 18:07:02,692 INFO com.zaxxer.hikari.HikariDataSource [main] HikariPool-1 - Starting...
2023-04-24 18:07:03,868 INFO com.zaxxer.hikari.HikariDataSource [main] HikariPool-1 - Start completed.
2023-04-24 18:07:03,909 INFO org.hibernate.dialect.Dialect [main] HHH000400: Using dialect: org.hibernate.dialect.MySQL5InnoDBDialect
2023-04-24 18:07:06,260 INFO org.hibernate.engine.transaction.jta.platform.internal.JtaPlatformInitiator [main] HHH000490: Using JtaPlatform implementation: [org.hibernate.engine.transaction.jta.platform.internal.NoJtaPlatform]
2023-04-24 18:07:06,296 INFO org.springframework.orm.jpa.AbstractEntityManagerFactoryBean [main] Initialized JPA EntityManagerFactory for persistence unit 'default'
2023-04-24 18:07:06,756 INFO org.springframework.mock.web.MockServletContext [main] Initializing Spring TestDispatcherServlet ''
2023-04-24 18:07:06,757 INFO org.springframework.web.servlet.FrameworkServlet [main] Initializing Servlet ''
2023-04-24 18:07:06,885 WARN org.springframework.boot.autoconfigure.orm.jpa.JpaBaseConfiguration$JpaWebConfiguration [main] spring.jpa.open-in-view is enabled by default. Therefore, database queries may be performed during view rendering. Explicitly configure spring.jpa.open-in-view to disable this warning
2023-04-24 18:07:08,413 INFO org.springframework.web.servlet.FrameworkServlet [main] Completed initialization in 1655 ms
2023-04-24 18:07:10,417 INFO org.springframework.boot.StartupInfoLogger [main] Started ProductImplTest in 17.832 seconds (JVM running for 21.774)
2023-04-24 18:07:10,939 INFO org.springframework.orm.jpa.AbstractEntityManagerFactoryBean [SpringApplicationShutdownHook] Closing JPA EntityManagerFactory for persistence unit 'default'
2023-04-24 18:07:10,943 INFO com.zaxxer.hikari.HikariDataSource [SpringApplicationShutdownHook] HikariPool-1 - Shutdown initiated...
2023-04-24 18:07:11,007 INFO com.zaxxer.hikari.HikariDataSource [SpringApplicationShutdownHook] HikariPool-1 - Shutdown completed.
2023-04-24 18:11:56,911 INFO org.springframework.test.context.support.AbstractTestContextBootstrapper [main] Neither @ContextConfiguration nor @ContextHierarchy found for test class [com.happytech.electronicstore.service.ProductImplTest], using SpringBootContextLoader
2023-04-24 18:11:56,949 INFO org.springframework.test.context.support.AbstractContextLoader [main] Could not detect default resource locations for test class [com.happytech.electronicstore.service.ProductImplTest]: no resource found for suffixes {-context.xml, Context.groovy}.
2023-04-24 18:11:56,952 INFO org.springframework.test.context.support.AnnotationConfigContextLoaderUtils [main] Could not detect default configuration classes for test class [com.happytech.electronicstore.service.ProductImplTest]: ProductImplTest does not declare any static, non-private, non-final, nested classes annotated with @Configuration.
2023-04-24 18:11:57,509 INFO org.springframework.boot.test.context.SpringBootTestContextBootstrapper [main] Found @SpringBootConfiguration com.happytech.electronicstore.ElectronicStoreApplication for test class com.happytech.electronicstore.service.ProductImplTest
2023-04-24 18:11:57,968 INFO org.springframework.test.context.support.AbstractTestContextBootstrapper [main] Loaded default TestExecutionListener class names from location [META-INF/spring.factories]: [org.springframework.boot.test.mock.mockito.MockitoTestExecutionListener, org.springframework.boot.test.mock.mockito.ResetMocksTestExecutionListener, org.springframework.boot.test.autoconfigure.restdocs.RestDocsTestExecutionListener, org.springframework.boot.test.autoconfigure.web.client.MockRestServiceServerResetTestExecutionListener, org.springframework.boot.test.autoconfigure.web.servlet.MockMvcPrintOnlyOnFailureTestExecutionListener, org.springframework.boot.test.autoconfigure.web.servlet.WebDriverTestExecutionListener, org.springframework.boot.test.autoconfigure.webservices.client.MockWebServiceServerTestExecutionListener, org.springframework.test.context.web.ServletTestExecutionListener, org.springframework.test.context.support.DirtiesContextBeforeModesTestExecutionListener, org.springframework.test.context.event.ApplicationEventsTestExecutionListener, org.springframework.test.context.support.DependencyInjectionTestExecutionListener, org.springframework.test.context.support.DirtiesContextTestExecutionListener, org.springframework.test.context.transaction.TransactionalTestExecutionListener, org.springframework.test.context.jdbc.SqlScriptsTestExecutionListener, org.springframework.test.context.event.EventPublishingTestExecutionListener]
2023-04-24 18:11:58,050 INFO org.springframework.test.context.support.AbstractTestContextBootstrapper [main] Using TestExecutionListeners: [org.springframework.test.context.web.ServletTestExecutionListener@7e7b159b, org.springframework.test.context.support.DirtiesContextBeforeModesTestExecutionListener@7e5d9a50, org.springframework.test.context.event.ApplicationEventsTestExecutionListener@60957c0f, org.springframework.boot.test.mock.mockito.MockitoTestExecutionListener@293a5f75, org.springframework.boot.test.autoconfigure.SpringBootDependencyInjectionTestExecutionListener@fcb4004, org.springframework.test.context.support.DirtiesContextTestExecutionListener@1dd6d4b7, org.springframework.test.context.transaction.TransactionalTestExecutionListener@56e8b606, org.springframework.test.context.jdbc.SqlScriptsTestExecutionListener@2dd29a59, org.springframework.test.context.event.EventPublishingTestExecutionListener@784c3487, org.springframework.boot.test.mock.mockito.ResetMocksTestExecutionListener@53142455, org.springframework.boot.test.autoconfigure.restdocs.RestDocsTestExecutionListener@40dff0b7, org.springframework.boot.test.autoconfigure.web.client.MockRestServiceServerResetTestExecutionListener@7966baa7, org.springframework.boot.test.autoconfigure.web.servlet.MockMvcPrintOnlyOnFailureTestExecutionListener@60975100, org.springframework.boot.test.autoconfigure.web.servlet.WebDriverTestExecutionListener@1253e7cb, org.springframework.boot.test.autoconfigure.webservices.client.MockWebServiceServerTestExecutionListener@2d36e77e]
2023-04-24 18:11:59,428 INFO org.springframework.boot.StartupInfoLogger [main] Starting ProductImplTest using Java 17.0.4 on DESKTOP-OKPVI97 with PID 5652 (started by Mahendra Nikam in F:\IntelliJ electronic stord\Electronic-Store)
2023-04-24 18:11:59,434 DEBUG org.springframework.boot.StartupInfoLogger [main] Running with Spring Boot v2.7.9, Spring v5.3.25
2023-04-24 18:11:59,437 INFO org.springframework.boot.SpringApplication [main] The following 1 profile is active: "dev"
2023-04-24 18:11:59,513 INFO org.hibernate.validator.internal.util.Version [background-preinit] HV000001: Hibernate Validator 6.2.5.Final
2023-04-24 18:12:02,817 INFO org.springframework.data.repository.config.RepositoryConfigurationDelegate [main] Bootstrapping Spring Data JPA repositories in DEFAULT mode.
2023-04-24 18:12:03,125 INFO org.springframework.data.repository.config.RepositoryConfigurationDelegate [main] Finished Spring Data repository scanning in 268 ms. Found 3 JPA repository interfaces.
2023-04-24 18:12:10,013 INFO org.hibernate.jpa.internal.util.LogHelper [main] HHH000204: Processing PersistenceUnitInfo [name: default]
2023-04-24 18:12:10,197 INFO org.hibernate.Version [main] HHH000412: Hibernate ORM core version 5.6.15.Final
2023-04-24 18:12:10,367 INFO org.hibernate.annotations.common.reflection.java.JavaReflectionManager [main] HCANN000001: Hibernate Commons Annotations {5.1.2.Final}
2023-04-24 18:12:10,945 INFO com.zaxxer.hikari.HikariDataSource [main] HikariPool-1 - Starting...
2023-04-24 18:12:12,213 INFO com.zaxxer.hikari.HikariDataSource [main] HikariPool-1 - Start completed.
2023-04-24 18:12:12,296 INFO org.hibernate.dialect.Dialect [main] HHH000400: Using dialect: org.hibernate.dialect.MySQL5InnoDBDialect
2023-04-24 18:12:14,703 INFO org.hibernate.engine.transaction.jta.platform.internal.JtaPlatformInitiator [main] HHH000490: Using JtaPlatform implementation: [org.hibernate.engine.transaction.jta.platform.internal.NoJtaPlatform]
2023-04-24 18:12:14,731 INFO org.springframework.orm.jpa.AbstractEntityManagerFactoryBean [main] Initialized JPA EntityManagerFactory for persistence unit 'default'
2023-04-24 18:12:15,424 INFO org.springframework.mock.web.MockServletContext [main] Initializing Spring TestDispatcherServlet ''
2023-04-24 18:12:15,425 INFO org.springframework.web.servlet.FrameworkServlet [main] Initializing Servlet ''
2023-04-24 18:12:15,559 WARN org.springframework.boot.autoconfigure.orm.jpa.JpaBaseConfiguration$JpaWebConfiguration [main] spring.jpa.open-in-view is enabled by default. Therefore, database queries may be performed during view rendering. Explicitly configure spring.jpa.open-in-view to disable this warning
2023-04-24 18:12:18,019 INFO org.springframework.web.servlet.FrameworkServlet [main] Completed initialization in 2593 ms
2023-04-24 18:12:20,659 INFO org.springframework.boot.StartupInfoLogger [main] Started ProductImplTest in 22.449 seconds (JVM running for 27.686)
2023-04-24 18:12:21,094 INFO org.springframework.orm.jpa.AbstractEntityManagerFactoryBean [SpringApplicationShutdownHook] Closing JPA EntityManagerFactory for persistence unit 'default'
2023-04-24 18:12:21,099 INFO com.zaxxer.hikari.HikariDataSource [SpringApplicationShutdownHook] HikariPool-1 - Shutdown initiated...
2023-04-24 18:12:21,179 INFO com.zaxxer.hikari.HikariDataSource [SpringApplicationShutdownHook] HikariPool-1 - Shutdown completed.
